-- Install configuration: ""
-- Installing: /ros2_ws/src/install/waver_description/share/waver_description/launch
-- Installing: /ros2_ws/src/install/waver_description/share/waver_description/launch/view_gazebo.launch.py
-- Installing: /ros2_ws/src/install/waver_description/share/waver_description/launch/start_my_world.launch.py
-- Installing: /ros2_ws/src/install/waver_description/share/waver_description/launch/view_rviz.launch.py
-- Installing: /ros2_ws/src/install/waver_description/share/waver_description/launch/view_gazebo_rviz.launch.py
-- Installing: /ros2_ws/src/install/waver_description/share/waver_description/urdf
-- Installing: /ros2_ws/src/install/waver_description/share/waver_description/urdf/waver.gazebo.xacro
-- Installing: /ros2_ws/src/install/waver_description/share/waver_description/urdf/imu.xacro
-- Installing: /ros2_ws/src/install/waver_description/share/waver_description/urdf/materials.xacro
-- Installing: /ros2_ws/src/install/waver_description/share/waver_description/urdf/camera.xacro
-- Installing: /ros2_ws/src/install/waver_description/share/waver_description/urdf/util.xacro
-- Installing: /ros2_ws/src/install/waver_description/share/waver_description/urdf/waver.trans.xacro
-- Installing: /ros2_ws/src/install/waver_description/share/waver_description/urdf/waver.xacro
-- Installing: /ros2_ws/src/install/waver_description/share/waver_description/urdf/lidar.xacro
-- Installing: /ros2_ws/src/install/waver_description/share/waver_description/urdf/robot.urdf
-- Installing: /ros2_ws/src/install/waver_description/share/waver_description/meshes
-- Installing: /ros2_ws/src/install/waver_description/share/waver_description/meshes/board_link.stl
-- Installing: /ros2_ws/src/install/waver_description/share/waver_description/meshes/oled_screen_link.stl
-- Installing: /ros2_ws/src/install/waver_description/share/waver_description/meshes/base_link.stl
-- Installing: /ros2_ws/src/install/waver_description/share/waver_description/meshes/LD19.stl
-- Installing: /ros2_ws/src/install/waver_description/share/waver_description/meshes/wheel_front_right_link.stl
-- Installing: /ros2_ws/src/install/waver_description/share/waver_description/meshes/accessories_link.stl
-- Installing: /ros2_ws/src/install/waver_description/share/waver_description/meshes/wheel_front_left_link.stl
-- Installing: /ros2_ws/src/install/waver_description/share/waver_description/meshes/wheel_back_right_link.stl
-- Installing: /ros2_ws/src/install/waver_description/share/waver_description/meshes/accessories1_link.stl
-- Installing: /ros2_ws/src/install/waver_description/share/waver_description/meshes/top_shell_link.stl
-- Installing: /ros2_ws/src/install/waver_description/share/waver_description/meshes/wheel_back_left_link.stl
-- Installing: /ros2_ws/src/install/waver_description/share/waver_description/rviz
-- Installing: /ros2_ws/src/install/waver_description/share/waver_description/rviz/config.rviz
-- Installing: /ros2_ws/src/install/waver_description/share/waver_description/worlds
-- Installing: /ros2_ws/src/install/waver_description/share/waver_description/worlds/world.world
-- Installing: /ros2_ws/src/install/waver_description/share/waver_description/worlds/coworking.world
-- Installing: /ros2_ws/src/install/waver_description/share/waver_description/worlds/my_empty_world.world
-- Installing: /ros2_ws/src/install/waver_description/share/waver_description/worlds/walls
-- Installing: /ros2_ws/src/install/waver_description/share/waver_description/worlds/walls/model.sdf
-- Installing: /ros2_ws/src/install/waver_description/share/waver_description/worlds/walls/model.config
-- Installing: /ros2_ws/src/install/waver_description/share/ament_index/resource_index/package_run_dependencies/waver_description
-- Installing: /ros2_ws/src/install/waver_description/share/ament_index/resource_index/parent_prefix_path/waver_description
-- Installing: /ros2_ws/src/install/waver_description/share/waver_description/environment/ament_prefix_path.sh
-- Installing: /ros2_ws/src/install/waver_description/share/waver_description/environment/ament_prefix_path.dsv
-- Installing: /ros2_ws/src/install/waver_description/share/waver_description/environment/path.sh
-- Installing: /ros2_ws/src/install/waver_description/share/waver_description/environment/path.dsv
-- Installing: /ros2_ws/src/install/waver_description/share/waver_description/local_setup.bash
-- Installing: /ros2_ws/src/install/waver_description/share/waver_description/local_setup.sh
-- Installing: /ros2_ws/src/install/waver_description/share/waver_description/local_setup.zsh
-- Installing: /ros2_ws/src/install/waver_description/share/waver_description/local_setup.dsv
-- Installing: /ros2_ws/src/install/waver_description/share/waver_description/package.dsv
-- Installing: /ros2_ws/src/install/waver_description/share/ament_index/resource_index/packages/waver_description
-- Installing: /ros2_ws/src/install/waver_description/share/waver_description/cmake/waver_descriptionConfig.cmake
-- Installing: /ros2_ws/src/install/waver_description/share/waver_description/cmake/waver_descriptionConfig-version.cmake
-- Installing: /ros2_ws/src/install/waver_description/share/waver_description/package.xml
