running egg_info
creating ../build/waver_cv/waver_cv.egg-info
writing ../build/waver_cv/waver_cv.egg-info/PKG-INFO
writing dependency_links to ../build/waver_cv/waver_cv.egg-info/dependency_links.txt
writing entry points to ../build/waver_cv/waver_cv.egg-info/entry_points.txt
writing requirements to ../build/waver_cv/waver_cv.egg-info/requires.txt
writing top-level names to ../build/waver_cv/waver_cv.egg-info/top_level.txt
writing manifest file '../build/waver_cv/waver_cv.egg-info/SOURCES.txt'
reading manifest file '../build/waver_cv/waver_cv.egg-info/SOURCES.txt'
writing manifest file '../build/waver_cv/waver_cv.egg-info/SOURCES.txt'
running build
running build_py
creating /ros2_ws/src/build/waver_cv/build
creating /ros2_ws/src/build/waver_cv/build/lib
creating /ros2_ws/src/build/waver_cv/build/lib/waver_cv
copying waver_cv/__init__.py -> /ros2_ws/src/build/waver_cv/build/lib/waver_cv
running install
running install_lib
creating /ros2_ws/src/install/waver_cv/lib/python3.10/site-packages/waver_cv
copying /ros2_ws/src/build/waver_cv/build/lib/waver_cv/__init__.py -> /ros2_ws/src/install/waver_cv/lib/python3.10/site-packages/waver_cv
byte-compiling /ros2_ws/src/install/waver_cv/lib/python3.10/site-packages/waver_cv/__init__.py to __init__.cpython-310.pyc
running install_data
copying package.xml -> /ros2_ws/src/install/waver_cv/share/waver_cv
running install_egg_info
Copying ../build/waver_cv/waver_cv.egg-info to /ros2_ws/src/install/waver_cv/lib/python3.10/site-packages/waver_cv-0.0.1-py3.10.egg-info
running install_scripts
Installing yolo_person_detector script to /ros2_ws/src/install/waver_cv/lib/waver_cv
writing list of installed files to '/ros2_ws/src/build/waver_cv/install.log'
